Performing C SOURCE FILE Test CMAKE_HAVE_LIBC_PTHREAD failed with the following output:
Change Dir: /home/sausy/Projects/lighthouse/lighthouse2tracking/sandbox/rosPub/build/CMakeFiles/CMakeTmp

Run Build Command(s):/usr/bin/make cmTC_dd180/fast && /usr/bin/make -f CMakeFiles/cmTC_dd180.dir/build.make CMakeFiles/cmTC_dd180.dir/build
make[1]: Entering directory '/home/sausy/Projects/lighthouse/lighthouse2tracking/sandbox/rosPub/build/CMakeFiles/CMakeTmp'
Building C object CMakeFiles/cmTC_dd180.dir/src.c.o
/usr/bin/cc   -DCMAKE_HAVE_LIBC_PTHREAD   -o CMakeFiles/cmTC_dd180.dir/src.c.o   -c /home/sausy/Projects/lighthouse/lighthouse2tracking/sandbox/rosPub/build/CMakeFiles/CMakeTmp/src.c
Linking C executable cmTC_dd180
/usr/local/bin/cmake -E cmake_link_script CMakeFiles/cmTC_dd180.dir/link.txt --verbose=1
/usr/bin/cc  -DCMAKE_HAVE_LIBC_PTHREAD    -rdynamic CMakeFiles/cmTC_dd180.dir/src.c.o  -o cmTC_dd180 
CMakeFiles/cmTC_dd180.dir/src.c.o: In function `main':
src.c:(.text+0x3e): undefined reference to `pthread_create'
src.c:(.text+0x4a): undefined reference to `pthread_detach'
src.c:(.text+0x5b): undefined reference to `pthread_join'
src.c:(.text+0x6f): undefined reference to `pthread_atfork'
collect2: error: ld returned 1 exit status
CMakeFiles/cmTC_dd180.dir/build.make:86: recipe for target 'cmTC_dd180' failed
make[1]: *** [cmTC_dd180] Error 1
make[1]: Leaving directory '/home/sausy/Projects/lighthouse/lighthouse2tracking/sandbox/rosPub/build/CMakeFiles/CMakeTmp'
Makefile:121: recipe for target 'cmTC_dd180/fast' failed
make: *** [cmTC_dd180/fast] Error 2


Source file was:
#include <pthread.h>

void* test_func(void* data)
{
  return data;
}

int main(void)
{
  pthread_t thread;
  pthread_create(&thread, NULL, test_func, NULL);
  pthread_detach(thread);
  pthread_join(thread, NULL);
  pthread_atfork(NULL, NULL, NULL);
  pthread_exit(NULL);

  return 0;
}

Determining if the function pthread_create exists in the pthreads failed with the following output:
Change Dir: /home/sausy/Projects/lighthouse/lighthouse2tracking/sandbox/rosPub/build/CMakeFiles/CMakeTmp

Run Build Command(s):/usr/bin/make cmTC_f7add/fast && /usr/bin/make -f CMakeFiles/cmTC_f7add.dir/build.make CMakeFiles/cmTC_f7add.dir/build
make[1]: Entering directory '/home/sausy/Projects/lighthouse/lighthouse2tracking/sandbox/rosPub/build/CMakeFiles/CMakeTmp'
Building C object CMakeFiles/cmTC_f7add.dir/CheckFunctionExists.c.o
/usr/bin/cc   -DCHECK_FUNCTION_EXISTS=pthread_create   -o CMakeFiles/cmTC_f7add.dir/CheckFunctionExists.c.o   -c /usr/local/share/cmake-3.15/Modules/CheckFunctionExists.c
Linking C executable cmTC_f7add
/usr/local/bin/cmake -E cmake_link_script CMakeFiles/cmTC_f7add.dir/link.txt --verbose=1
/usr/bin/cc  -DCHECK_FUNCTION_EXISTS=pthread_create    -rdynamic CMakeFiles/cmTC_f7add.dir/CheckFunctionExists.c.o  -o cmTC_f7add -lpthreads 
/usr/bin/ld: cannot find -lpthreads
collect2: error: ld returned 1 exit status
CMakeFiles/cmTC_f7add.dir/build.make:86: recipe for target 'cmTC_f7add' failed
make[1]: *** [cmTC_f7add] Error 1
make[1]: Leaving directory '/home/sausy/Projects/lighthouse/lighthouse2tracking/sandbox/rosPub/build/CMakeFiles/CMakeTmp'
Makefile:121: recipe for target 'cmTC_f7add/fast' failed
make: *** [cmTC_f7add/fast] Error 2



